  [4;36;1mSQL (0.2ms)[0m   [0;1mSET NAMES 'utf8'[0m
  [4;35;1mSQL (0.1ms)[0m   [0mSET SQL_AUTO_IS_NULL=0[0m


Processing UserSessionsController#new (for 127.0.0.1 at 2010-05-17 14:16:34) [GET]
  Parameters: {"action"=>"new", "controller"=>"user_sessions"}

NoMethodError (undefined method `require_no_user' for #<UserSessionsController:0x2107e24>):
  haml (2.2.22) lib/sass/plugin/rails.rb:20:in `process'
  passenger (2.2.9) lib/phusion_passenger/rack/request_handler.rb:92:in `process_request'
  passenger (2.2.9) lib/phusion_passenger/abstract_request_handler.rb:207:in `main_loop'
  passenger (2.2.9) lib/phusion_passenger/railz/application_spawner.rb:400:in `start_request_handler'
  passenger (2.2.9) lib/phusion_passenger/railz/application_spawner.rb:351:in `handle_spawn_application'
  passenger (2.2.9) lib/phusion_passenger/utils.rb:184:in `safe_fork'
  passenger (2.2.9) lib/phusion_passenger/railz/application_spawner.rb:349:in `handle_spawn_application'
  passenger (2.2.9) lib/phusion_passenger/abstract_server.rb:352:in `__send__'
  passenger (2.2.9) lib/phusion_passenger/abstract_server.rb:352:in `main_loop'
  passenger (2.2.9) lib/phusion_passenger/abstract_server.rb:196:in `start_synchronously'
  passenger (2.2.9) lib/phusion_passenger/abstract_server.rb:163:in `start'
  passenger (2.2.9) lib/phusion_passenger/railz/application_spawner.rb:209:in `start'
  passenger (2.2.9) lib/phusion_passenger/spawn_manager.rb:262:in `spawn_rails_application'
  passenger (2.2.9) lib/phusion_passenger/abstract_server_collection.rb:126:in `lookup_or_add'
  passenger (2.2.9) lib/phusion_passenger/spawn_manager.rb:256:in `spawn_rails_application'
  passenger (2.2.9) lib/phusion_passenger/abstract_server_collection.rb:80:in `synchronize'
  passenger (2.2.9) lib/phusion_passenger/abstract_server_collection.rb:79:in `synchronize'
  passenger (2.2.9) lib/phusion_passenger/spawn_manager.rb:255:in `spawn_rails_application'
  passenger (2.2.9) lib/phusion_passenger/spawn_manager.rb:154:in `spawn_application'
  passenger (2.2.9) lib/phusion_passenger/spawn_manager.rb:287:in `handle_spawn_application'
  passenger (2.2.9) lib/phusion_passenger/abstract_server.rb:352:in `__send__'
  passenger (2.2.9) lib/phusion_passenger/abstract_server.rb:352:in `main_loop'
  passenger (2.2.9) lib/phusion_passenger/abstract_server.rb:196:in `start_synchronously'

Rendered rescues/_trace (216.9ms)
Rendered rescues/_request_and_response (4.0ms)
Rendering rescues/layout (internal_server_error)
  [4;36;1mSQL (0.4ms)[0m   [0;1mSET NAMES 'utf8'[0m
  [4;35;1mSQL (0.3ms)[0m   [0mSET SQL_AUTO_IS_NULL=0[0m
  [4;36;1mSQL (0.6ms)[0m   [0;1mSHOW TABLES[0m
  [4;35;1mSQL (1.8ms)[0m   [0mCREATE TABLE `schema_migrations` (`version` varchar(255) NOT NULL) ENGINE=InnoDB[0m
  [4;36;1mSQL (3.7ms)[0m   [0;1mCREATE UNIQUE INDEX `unique_schema_migrations` ON `schema_migrations` (`version`)[0m
  [4;35;1mSQL (0.7ms)[0m   [0mSHOW TABLES[0m
  [4;36;1mSQL (0.7ms)[0m   [0;1mSELECT version FROM schema_migrations[0m
Migrating to CreateUsers (20100517181125)
  [4;35;1mSQL (2.8ms)[0m   [0mCREATE TABLE `users` (`id` int(11) DEFAULT NULL auto_increment PRIMARY KEY, `login` varchar(255) NOT NULL, `email` varchar(255) NOT NULL, `crypted_password` varchar(255) NOT NULL, `password_salt` varchar(255) NOT NULL, `persistence_token` varchar(255) NOT NULL, `single_access_token` varchar(255) NOT NULL, `perishable_token` varchar(255) NOT NULL, `login_count` int(11) DEFAULT 0 NOT NULL, `failed_login_count` int(11) DEFAULT 0 NOT NULL, `last_request_at` datetime, `current_login_at` datetime, `last_login_at` datetime, `current_login_ip` varchar(255), `last_login_ip` varchar(255), `created_at` datetime, `updated_at` datetime) ENGINE=InnoDB[0m
  [4;36;1mSQL (0.4ms)[0m   [0;1mINSERT INTO schema_migrations (version) VALUES ('20100517181125')[0m
  [4;35;1mSQL (0.5ms)[0m   [0mSHOW TABLES[0m
  [4;36;1mSQL (0.2ms)[0m   [0;1mSELECT version FROM schema_migrations[0m
  [4;35;1mSQL (0.4ms)[0m   [0mSHOW TABLES[0m
  [4;36;1mSQL (2.9ms)[0m   [0;1mSHOW FIELDS FROM `users`[0m
  [4;35;1mSQL (10.8ms)[0m   [0mdescribe `users`[0m
  [4;36;1mSQL (6.3ms)[0m   [0;1mSHOW KEYS FROM `users`[0m
  [4;36;1mSQL (0.1ms)[0m   [0;1mSET NAMES 'utf8'[0m
  [4;35;1mSQL (0.1ms)[0m   [0mSET SQL_AUTO_IS_NULL=0[0m


Processing UserSessionsController#new (for 127.0.0.1 at 2010-05-17 14:17:20) [GET]
  Parameters: {"action"=>"new", "controller"=>"user_sessions"}

NoMethodError (undefined method `require_no_user' for #<UserSessionsController:0x255ced4>):
  haml (2.2.22) lib/sass/plugin/rails.rb:20:in `process'
  passenger (2.2.9) lib/phusion_passenger/rack/request_handler.rb:92:in `process_request'
  passenger (2.2.9) lib/phusion_passenger/abstract_request_handler.rb:207:in `main_loop'
  passenger (2.2.9) lib/phusion_passenger/railz/application_spawner.rb:400:in `start_request_handler'
  passenger (2.2.9) lib/phusion_passenger/railz/application_spawner.rb:351:in `handle_spawn_application'
  passenger (2.2.9) lib/phusion_passenger/utils.rb:184:in `safe_fork'
  passenger (2.2.9) lib/phusion_passenger/railz/application_spawner.rb:349:in `handle_spawn_application'
  passenger (2.2.9) lib/phusion_passenger/abstract_server.rb:352:in `__send__'
  passenger (2.2.9) lib/phusion_passenger/abstract_server.rb:352:in `main_loop'
  passenger (2.2.9) lib/phusion_passenger/abstract_server.rb:196:in `start_synchronously'
  passenger (2.2.9) lib/phusion_passenger/abstract_server.rb:163:in `start'
  passenger (2.2.9) lib/phusion_passenger/railz/application_spawner.rb:209:in `start'
  passenger (2.2.9) lib/phusion_passenger/spawn_manager.rb:262:in `spawn_rails_application'
  passenger (2.2.9) lib/phusion_passenger/abstract_server_collection.rb:126:in `lookup_or_add'
  passenger (2.2.9) lib/phusion_passenger/spawn_manager.rb:256:in `spawn_rails_application'
  passenger (2.2.9) lib/phusion_passenger/abstract_server_collection.rb:80:in `synchronize'
  passenger (2.2.9) lib/phusion_passenger/abstract_server_collection.rb:79:in `synchronize'
  passenger (2.2.9) lib/phusion_passenger/spawn_manager.rb:255:in `spawn_rails_application'
  passenger (2.2.9) lib/phusion_passenger/spawn_manager.rb:154:in `spawn_application'
  passenger (2.2.9) lib/phusion_passenger/spawn_manager.rb:287:in `handle_spawn_application'
  passenger (2.2.9) lib/phusion_passenger/abstract_server.rb:352:in `__send__'
  passenger (2.2.9) lib/phusion_passenger/abstract_server.rb:352:in `main_loop'
  passenger (2.2.9) lib/phusion_passenger/abstract_server.rb:196:in `start_synchronously'

Rendered rescues/_trace (69.7ms)
Rendered rescues/_request_and_response (0.7ms)
Rendering rescues/layout (internal_server_error)
  [4;36;1mSQL (0.1ms)[0m   [0;1mSET NAMES 'utf8'[0m
  [4;35;1mSQL (0.1ms)[0m   [0mSET SQL_AUTO_IS_NULL=0[0m


Processing UserSessionsController#new (for 127.0.0.1 at 2010-05-17 14:17:38) [GET]
  Parameters: {"action"=>"new", "controller"=>"user_sessions"}

NoMethodError (undefined method `require_no_user' for #<UserSessionsController:0x24a4a64>):
  haml (2.2.22) lib/sass/plugin/rails.rb:20:in `process'
  passenger (2.2.9) lib/phusion_passenger/rack/request_handler.rb:92:in `process_request'
  passenger (2.2.9) lib/phusion_passenger/abstract_request_handler.rb:207:in `main_loop'
  passenger (2.2.9) lib/phusion_passenger/railz/application_spawner.rb:400:in `start_request_handler'
  passenger (2.2.9) lib/phusion_passenger/railz/application_spawner.rb:351:in `handle_spawn_application'
  passenger (2.2.9) lib/phusion_passenger/utils.rb:184:in `safe_fork'
  passenger (2.2.9) lib/phusion_passenger/railz/application_spawner.rb:349:in `handle_spawn_application'
  passenger (2.2.9) lib/phusion_passenger/abstract_server.rb:352:in `__send__'
  passenger (2.2.9) lib/phusion_passenger/abstract_server.rb:352:in `main_loop'
  passenger (2.2.9) lib/phusion_passenger/abstract_server.rb:196:in `start_synchronously'
  passenger (2.2.9) lib/phusion_passenger/abstract_server.rb:163:in `start'
  passenger (2.2.9) lib/phusion_passenger/railz/application_spawner.rb:209:in `start'
  passenger (2.2.9) lib/phusion_passenger/spawn_manager.rb:262:in `spawn_rails_application'
  passenger (2.2.9) lib/phusion_passenger/abstract_server_collection.rb:126:in `lookup_or_add'
  passenger (2.2.9) lib/phusion_passenger/spawn_manager.rb:256:in `spawn_rails_application'
  passenger (2.2.9) lib/phusion_passenger/abstract_server_collection.rb:80:in `synchronize'
  passenger (2.2.9) lib/phusion_passenger/abstract_server_collection.rb:79:in `synchronize'
  passenger (2.2.9) lib/phusion_passenger/spawn_manager.rb:255:in `spawn_rails_application'
  passenger (2.2.9) lib/phusion_passenger/spawn_manager.rb:154:in `spawn_application'
  passenger (2.2.9) lib/phusion_passenger/spawn_manager.rb:287:in `handle_spawn_application'
  passenger (2.2.9) lib/phusion_passenger/abstract_server.rb:352:in `__send__'
  passenger (2.2.9) lib/phusion_passenger/abstract_server.rb:352:in `main_loop'
  passenger (2.2.9) lib/phusion_passenger/abstract_server.rb:196:in `start_synchronously'

Rendered rescues/_trace (82.5ms)
Rendered rescues/_request_and_response (0.7ms)
Rendering rescues/layout (internal_server_error)
  [4;36;1mSQL (0.2ms)[0m   [0;1mSET NAMES 'utf8'[0m
  [4;35;1mSQL (0.1ms)[0m   [0mSET SQL_AUTO_IS_NULL=0[0m


Processing UserSessionsController#new (for 127.0.0.1 at 2010-05-17 14:17:52) [GET]
  Parameters: {"action"=>"new", "controller"=>"user_sessions"}

NoMethodError (undefined method `require_no_user' for #<UserSessionsController:0x23b1b20>):
  haml (2.2.22) lib/sass/plugin/rails.rb:20:in `process'
  passenger (2.2.9) lib/phusion_passenger/rack/request_handler.rb:92:in `process_request'
  passenger (2.2.9) lib/phusion_passenger/abstract_request_handler.rb:207:in `main_loop'
  passenger (2.2.9) lib/phusion_passenger/railz/application_spawner.rb:400:in `start_request_handler'
  passenger (2.2.9) lib/phusion_passenger/railz/application_spawner.rb:351:in `handle_spawn_application'
  passenger (2.2.9) lib/phusion_passenger/utils.rb:184:in `safe_fork'
  passenger (2.2.9) lib/phusion_passenger/railz/application_spawner.rb:349:in `handle_spawn_application'
  passenger (2.2.9) lib/phusion_passenger/abstract_server.rb:352:in `__send__'
  passenger (2.2.9) lib/phusion_passenger/abstract_server.rb:352:in `main_loop'
  passenger (2.2.9) lib/phusion_passenger/abstract_server.rb:196:in `start_synchronously'
  passenger (2.2.9) lib/phusion_passenger/abstract_server.rb:163:in `start'
  passenger (2.2.9) lib/phusion_passenger/railz/application_spawner.rb:209:in `start'
  passenger (2.2.9) lib/phusion_passenger/spawn_manager.rb:262:in `spawn_rails_application'
  passenger (2.2.9) lib/phusion_passenger/abstract_server_collection.rb:126:in `lookup_or_add'
  passenger (2.2.9) lib/phusion_passenger/spawn_manager.rb:256:in `spawn_rails_application'
  passenger (2.2.9) lib/phusion_passenger/abstract_server_collection.rb:80:in `synchronize'
  passenger (2.2.9) lib/phusion_passenger/abstract_server_collection.rb:79:in `synchronize'
  passenger (2.2.9) lib/phusion_passenger/spawn_manager.rb:255:in `spawn_rails_application'
  passenger (2.2.9) lib/phusion_passenger/spawn_manager.rb:154:in `spawn_application'
  passenger (2.2.9) lib/phusion_passenger/spawn_manager.rb:287:in `handle_spawn_application'
  passenger (2.2.9) lib/phusion_passenger/abstract_server.rb:352:in `__send__'
  passenger (2.2.9) lib/phusion_passenger/abstract_server.rb:352:in `main_loop'
  passenger (2.2.9) lib/phusion_passenger/abstract_server.rb:196:in `start_synchronously'

Rendered rescues/_trace (82.7ms)
Rendered rescues/_request_and_response (0.7ms)
Rendering rescues/layout (internal_server_error)
